<?xml version="1.0" encoding="UTF-8"?>
<!-- Generated by org.testng.reporters.JUnitXMLReporter -->
<testsuite hostname="LAPTOP-DDOP6AUK" ignored="0" name="firstcase" tests="2" failures="1" timestamp="2020-04-04T20:06:57 PDT" time="19.713" errors="0">
  <testcase name="OpenAmazonSite" time="10.45" classname="testNGPractice.SimpleTestForListener">
    <failure type="java.lang.AssertionError" message="expected [aAmazon.com: Online Shopping for Electronics, Apparel, Computers, Books, DVDs &amp;amp; more] but found [Amazon.com: Online Shopping for Electronics, Apparel, Computers, Books, DVDs &amp;amp; more]">
      <![CDATA[java.lang.AssertionError: expected [aAmazon.com: Online Shopping for Electronics, Apparel, Computers, Books, DVDs & more] but found [Amazon.com: Online Shopping for Electronics, Apparel, Computers, Books, DVDs & more]
at testNGPractice.SimpleTestForListener.OpenAmazonSite(SimpleTestForListener.java:52)
at java.util.ArrayList.forEach(ArrayList.java:1257)
... Removed 32 stack frames]]>
    </failure>
  </testcase> <!-- OpenAmazonSite -->
  <testcase name="OpenEbaySite" time="6.658" classname="testNGPractice.SimpleTestForListener"/>
</testsuite> <!-- firstcase -->
