<?xml version="1.0" encoding="UTF-8"?>
<testng-results skipped="0" failed="0" ignored="0" total="2" passed="2">
  <reporter-output>
  </reporter-output>
  <suite name="firstrun" duration-ms="17976" started-at="2020-04-06T23:15:04 PDT" finished-at="2020-04-06T23:15:22 PDT">
    <groups>
    </groups>
    <test name="firstcase" duration-ms="17976" started-at="2020-04-06T23:15:04 PDT" finished-at="2020-04-06T23:15:22 PDT">
      <class name="testNGPractice.SimpleTestForListener">
        <test-method status="PASS" signature="OpenAmazonSite(org.testng.ITestContext)[pri:0, instance:testNGPractice.SimpleTestForListener@6ddf90b0]" name="OpenAmazonSite" duration-ms="9564" started-at="2020-04-06T23:15:04 PDT" finished-at="2020-04-06T23:15:14 PDT">
          <params>
            <param index="0">
              <value>
                <![CDATA[org.testng.TestRunner@7aaca91a]]>
              </value>
            </param>
          </params>
          <reporter-output>
          </reporter-output>
        </test-method> <!-- OpenAmazonSite -->
        <test-method status="PASS" signature="teardown()[pri:0, instance:testNGPractice.SimpleTestForListener@6ddf90b0]" name="teardown" is-config="true" duration-ms="676" started-at="2020-04-06T23:15:14 PDT" finished-at="2020-04-06T23:15:15 PDT">
          <reporter-output>
          </reporter-output>
        </test-method> <!-- teardown -->
        <test-method status="PASS" signature="OpenEbaySite(org.testng.ITestContext)[pri:1, instance:testNGPractice.SimpleTestForListener@6ddf90b0]" name="OpenEbaySite" duration-ms="6704" started-at="2020-04-06T23:15:15 PDT" finished-at="2020-04-06T23:15:21 PDT">
          <params>
            <param index="0">
              <value>
                <![CDATA[org.testng.TestRunner@7aaca91a]]>
              </value>
            </param>
          </params>
          <reporter-output>
          </reporter-output>
        </test-method> <!-- OpenEbaySite -->
        <test-method status="PASS" signature="teardown()[pri:0, instance:testNGPractice.SimpleTestForListener@6ddf90b0]" name="teardown" is-config="true" duration-ms="833" started-at="2020-04-06T23:15:21 PDT" finished-at="2020-04-06T23:15:22 PDT">
          <reporter-output>
          </reporter-output>
        </test-method> <!-- teardown -->
      </class> <!-- testNGPractice.SimpleTestForListener -->
    </test> <!-- firstcase -->
  </suite> <!-- firstrun -->
</testng-results>
